c:\users\seth\documents\visual studio 2013\projects\paint+\paint+\debug\vc120.pdb
c:\users\seth\documents\visual studio 2013\projects\paint+\paint+\debug\.netframework,version=v4.5.assemblyattributes.obj
c:\users\seth\documents\visual studio 2013\projects\paint+\paint+\debug\paint+.obj
c:\users\seth\documents\visual studio 2013\projects\paint+\paint+\debug\assemblyinfo.obj
c:\users\seth\documents\visual studio 2013\projects\paint+\debug\paint+.exe
c:\users\seth\documents\visual studio 2013\projects\paint+\debug\paint+.pdb
c:\users\seth\documents\visual studio 2013\projects\paint+\paint+\debug\app.res
c:\users\seth\documents\visual studio 2013\projects\paint+\paint+\debug\paint+.vcxprojresolveassemblyreference.cache
c:\users\seth\documents\visual studio 2013\projects\paint+\paint+\debug\paint+.tlog\cl.command.1.tlog
c:\users\seth\documents\visual studio 2013\projects\paint+\paint+\debug\paint+.tlog\cl.read.1.tlog
c:\users\seth\documents\visual studio 2013\projects\paint+\paint+\debug\paint+.tlog\cl.write.1.tlog
c:\users\seth\documents\visual studio 2013\projects\paint+\paint+\debug\paint+.tlog\link.command.1.tlog
c:\users\seth\documents\visual studio 2013\projects\paint+\paint+\debug\paint+.tlog\link.read.1.tlog
c:\users\seth\documents\visual studio 2013\projects\paint+\paint+\debug\paint+.tlog\link.write.1.tlog
c:\users\seth\documents\visual studio 2013\projects\paint+\paint+\debug\paint+.tlog\metagen.read.1.tlog
c:\users\seth\documents\visual studio 2013\projects\paint+\paint+\debug\paint+.tlog\metagen.write.1.tlog
c:\users\seth\documents\visual studio 2013\projects\paint+\paint+\debug\paint+.tlog\rc.command.1.tlog
c:\users\seth\documents\visual studio 2013\projects\paint+\paint+\debug\paint+.tlog\rc.read.1.tlog
c:\users\seth\documents\visual studio 2013\projects\paint+\paint+\debug\paint+.tlog\rc.write.1.tlog
c:\users\seth\documents\visual studio 2013\projects\paint+\paint+\debug\paint+.tlog\rsaenh.dll.bi
c:\users\seth\documents\visual studio 2013\projects\paint+\paint+\debug\paint+.tlog\tzres.dll.bi
